08:44:00 PM: DEBUG [Persona.py:50]
        Id Persona: 1, Nombre: Juan,
        Apellido: Perez, Email: jperez@mail.com 
        
08:46:23 PM: DEBUG [Persona.py:50] 
        Id Persona: 1, Nombre: Juan,
        Apellido: Perez, Email: jperez@mail.com 
        
08:47:38 PM: DEBUG [Persona.py:50] 
        Id Persona: 1, Nombre: Juan,
        Apellido: Perez, Email: jperez@mail.com 
        
08:47:38 PM: DEBUG [Persona.py:54] 
        Id Persona: None, Nombre: Juan,
        Apellido: Perez, Email: jperez@mail.com 
        
08:48:36 PM: DEBUG [Persona.py:50] 
        Id Persona: 1, Nombre: Juan,
        Apellido: Perez, Email: jperez@mail.com 
        
08:48:36 PM: DEBUG [Persona.py:54] 
        Id Persona: None, Nombre: Juan,
        Apellido: Perez, Email: jperez@mail.com 
        
08:48:36 PM: DEBUG [Persona.py:58] 
        Id Persona: 1, Nombre: None,
        Apellido: None, Email: None 
        
09:08:30 PM: DEBUG [Conexion.py:23] Conexion exitosa. <connection object at 0x000002A475492790; dsn: 'user=postgres password=xxx dbname=test_db host=127.0.0.1 port=5432', closed: 0>
09:09:15 PM: DEBUG [Conexion.py:23] Conexion exitosa. <connection object at 0x0000029BAFCE2790; dsn: 'user=postgres password=xxx dbname=test_db host=127.0.0.1 port=5432', closed: 0>
09:13:55 PM: DEBUG [Conexion.py:23] Conexion exitosa. <connection object at 0x0000019A2D162790; dsn: 'user=postgres password=xxx dbname=test_db host=127.0.0.1 port=5432', closed: 0>
09:13:55 PM: DEBUG [Conexion.py:36] Se abriï¿½ correctamente el cursor: <cursor object at 0x0000019A2F2B12A0; closed: 0>
09:33:35 PM: DEBUG [Conexion.py:23] Conexion exitosa. <connection object at 0x000001A3B8F02790; dsn: 'user=postgres password=xxx dbname=test_db host=127.0.0.1 port=5432', closed: 0>
09:33:35 PM: DEBUG [Conexion.py:36] Se abrió correctamente el cursor: <cursor object at 0x000001A3BB0691C0; closed: 0>
09:33:35 PM: DEBUG [Persona_dao.py:30] 
        Id Persona: 1, Nombre: Jaime Alfonso,
        Apellido: Aristizábal, Email: jaaristizabal@mail.com 
        
09:33:35 PM: DEBUG [Persona_dao.py:30] 
        Id Persona: 2, Nombre: Elisabeth,
        Apellido: Jaramillo, Email: ejaramillo@mail.com 
        
09:33:35 PM: DEBUG [Persona_dao.py:30] 
        Id Persona: 8, Nombre: Jose Mateo,
        Apellido: Aristizábal, Email: jmaristizabal@mail.com 
        
09:33:35 PM: DEBUG [Persona_dao.py:30] 
        Id Persona: 11, Nombre: Pedro Felipe,
        Apellido: Aristizábal, Email: pfaristizabal@mail.com 
        
09:33:35 PM: DEBUG [Persona_dao.py:30] 
        Id Persona: 13, Nombre: Santiago,
        Apellido: Buitrago, Email: sbuitrago@qmail.com 
        
09:33:35 PM: DEBUG [Persona_dao.py:30] 
        Id Persona: 14, Nombre: Olga Carmenza,
        Apellido: Ramírez, Email: ocramirez@qmail.com 
        
10:01:56 PM: DEBUG [Conexion.py:23] Conexion exitosa. <connection object at 0x000001F748CB2790; dsn: 'user=postgres password=xxx dbname=test_db host=127.0.0.1 port=5432', closed: 0>
10:01:56 PM: DEBUG [Persona_dao.py:31] Persona a insertar: 
        Id Persona: None, Nombre: David Ricardo,
        Apellido: Aristizábal, Email: draristizabal@mail.com 
        
10:03:40 PM: DEBUG [Conexion.py:23] Conexion exitosa. <connection object at 0x0000024A06512790; dsn: 'user=postgres password=xxx dbname=test_db host=127.0.0.1 port=5432', closed: 0>
10:03:40 PM: DEBUG [Persona_dao.py:31] Persona a insertar: 
        Id Persona: None, Nombre: David Ricardo,
        Apellido: Aristizábal, Email: draristizabal@mail.com 
        
10:03:40 PM: DEBUG [Persona_dao.py:34] Persona insertada exitosamente: 
        Id Persona: None, Nombre: David Ricardo,
        Apellido: Aristizábal, Email: draristizabal@mail.com 
        
10:03:40 PM: DEBUG [Persona_dao.py:41] Personas insertadas: 1
10:03:40 PM: DEBUG [Conexion.py:36] Se abrió correctamente el cursor: <cursor object at 0x0000024A08A211C0; closed: 0>
10:03:40 PM: DEBUG [Persona_dao.py:46] 
        Id Persona: 1, Nombre: Jaime Alfonso,
        Apellido: Aristizábal, Email: jaaristizabal@mail.com 
        
10:03:40 PM: DEBUG [Persona_dao.py:46] 
        Id Persona: 2, Nombre: Elisabeth,
        Apellido: Jaramillo, Email: ejaramillo@mail.com 
        
10:03:40 PM: DEBUG [Persona_dao.py:46] 
        Id Persona: 8, Nombre: Jose Mateo,
        Apellido: Aristizábal, Email: jmaristizabal@mail.com 
        
10:03:40 PM: DEBUG [Persona_dao.py:46] 
        Id Persona: 11, Nombre: Pedro Felipe,
        Apellido: Aristizábal, Email: pfaristizabal@mail.com 
        
10:03:40 PM: DEBUG [Persona_dao.py:46] 
        Id Persona: 13, Nombre: Santiago,
        Apellido: Buitrago, Email: sbuitrago@qmail.com 
        
10:03:40 PM: DEBUG [Persona_dao.py:46] 
        Id Persona: 14, Nombre: Olga Carmenza,
        Apellido: Ramírez, Email: ocramirez@qmail.com 
        
10:03:40 PM: DEBUG [Persona_dao.py:46] 
        Id Persona: 15, Nombre: David Ricardo,
        Apellido: Aristizábal, Email: draristizabal@mail.com 
        
10:06:24 PM: DEBUG [Conexion.py:23] Conexion exitosa. <connection object at 0x00000254CDBE2790; dsn: 'user=postgres password=xxx dbname=test_db host=127.0.0.1 port=5432', closed: 0>
10:06:24 PM: DEBUG [Conexion.py:36] Se abrió correctamente el cursor: <cursor object at 0x00000254CFD312A0; closed: 0>
10:06:24 PM: DEBUG [Persona_dao.py:31] Persona a insertar: 
        Id Persona: None, Nombre: Tatiana Lucia,
        Apellido: Macias, Email: tlmacias@mail.com 
        
10:06:24 PM: DEBUG [Persona_dao.py:34] Persona insertada exitosamente: 
        Id Persona: None, Nombre: Tatiana Lucia,
        Apellido: Macias, Email: tlmacias@mail.com 
        
10:06:24 PM: DEBUG [Persona_dao.py:41] Personas insertadas: 1
10:07:16 PM: DEBUG [Conexion.py:23] Conexion exitosa. <connection object at 0x0000023A46EF2790; dsn: 'user=postgres password=xxx dbname=test_db host=127.0.0.1 port=5432', closed: 0>
10:07:23 PM: DEBUG [Conexion.py:23] Conexion exitosa. <connection object at 0x0000023461FC2790; dsn: 'user=postgres password=xxx dbname=test_db host=127.0.0.1 port=5432', closed: 0>
10:08:09 PM: DEBUG [Conexion.py:23] Conexion exitosa. <connection object at 0x0000013B2A8D2790; dsn: 'user=postgres password=xxx dbname=test_db host=127.0.0.1 port=5432', closed: 0>
10:08:09 PM: DEBUG [Conexion.py:36] Se abrió correctamente el cursor: <cursor object at 0x0000013B2CDE12A0; closed: 0>
10:08:09 PM: DEBUG [Persona_dao.py:31] Persona a insertar: 
        Id Persona: None, Nombre: Tatiana Lucia,
        Apellido: Macias, Email: tlmacias@mail.com 
        
10:08:09 PM: DEBUG [Persona_dao.py:34] Persona insertada exitosamente: 
        Id Persona: None, Nombre: Tatiana Lucia,
        Apellido: Macias, Email: tlmacias@mail.com 
        
10:08:09 PM: DEBUG [Persona_dao.py:41] Personas insertadas: 1
10:12:10 PM: DEBUG [Conexion.py:23] Conexion exitosa. <connection object at 0x000001F1AAAD2790; dsn: 'user=postgres password=xxx dbname=test_db host=127.0.0.1 port=5432', closed: 0>
10:12:10 PM: DEBUG [Conexion.py:36] Se abrió correctamente el cursor: <cursor object at 0x000001F1ACC51380; closed: 0>
10:12:10 PM: DEBUG [Persona_dao.py:32] Persona a insertar: 
        Id Persona: None, Nombre: Tatiana Lucia,
        Apellido: Macias, Email: tlmacias@mail.com 
        
10:12:10 PM: DEBUG [Persona_dao.py:35] Persona insertada exitosamente: 
        Id Persona: None, Nombre: Tatiana Lucia,
        Apellido: Macias, Email: tlmacias@mail.com 
        
10:12:10 PM: DEBUG [Persona_dao.py:42] Personas insertadas: 1
10:13:59 PM: DEBUG [Conexion.py:23] Conexion exitosa. <connection object at 0x00000209B92F2790; dsn: 'user=postgres password=xxx dbname=test_db host=127.0.0.1 port=5432', closed: 0>
10:13:59 PM: DEBUG [Persona_dao.py:31] Persona a insertar: 
        Id Persona: None, Nombre: Tatiana Lucia,
        Apellido: Macias, Email: tlmacias@mail.com 
        
10:13:59 PM: DEBUG [Persona_dao.py:34] Persona insertada exitosamente: 
        Id Persona: None, Nombre: Tatiana Lucia,
        Apellido: Macias, Email: tlmacias@mail.com 
        
10:13:59 PM: DEBUG [Persona_dao.py:41] Personas insertadas: 1
10:13:59 PM: DEBUG [Conexion.py:36] Se abrió correctamente el cursor: <cursor object at 0x00000209BB4412A0; closed: 0>
10:13:59 PM: DEBUG [Persona_dao.py:46] 
        Id Persona: 1, Nombre: Jaime Alfonso,
        Apellido: Aristizábal, Email: jaaristizabal@mail.com 
        
10:13:59 PM: DEBUG [Persona_dao.py:46] 
        Id Persona: 2, Nombre: Elisabeth,
        Apellido: Jaramillo, Email: ejaramillo@mail.com 
        
10:13:59 PM: DEBUG [Persona_dao.py:46] 
        Id Persona: 8, Nombre: Jose Mateo,
        Apellido: Aristizábal, Email: jmaristizabal@mail.com 
        
10:13:59 PM: DEBUG [Persona_dao.py:46] 
        Id Persona: 11, Nombre: Pedro Felipe,
        Apellido: Aristizábal, Email: pfaristizabal@mail.com 
        
10:13:59 PM: DEBUG [Persona_dao.py:46] 
        Id Persona: 13, Nombre: Santiago,
        Apellido: Buitrago, Email: sbuitrago@qmail.com 
        
10:13:59 PM: DEBUG [Persona_dao.py:46] 
        Id Persona: 14, Nombre: Olga Carmenza,
        Apellido: Ramírez, Email: ocramirez@qmail.com 
        
10:13:59 PM: DEBUG [Persona_dao.py:46] 
        Id Persona: 15, Nombre: David Ricardo,
        Apellido: Aristizábal, Email: draristizabal@mail.com 
        
10:13:59 PM: DEBUG [Persona_dao.py:46] 
        Id Persona: 19, Nombre: Tatiana Lucia,
        Apellido: Macias, Email: tlmacias@mail.com 
        
10:20:55 PM: DEBUG [Conexion.py:23] Conexion exitosa. <connection object at 0x000001B3273C2790; dsn: 'user=postgres password=xxx dbname=test_db host=127.0.0.1 port=5432', closed: 0>
10:20:55 PM: DEBUG [Persona_dao.py:33] Persona insertada exitosamente: 
        Id Persona: None, Nombre: Tatiana Lucia,
        Apellido: Macias, Email: tlmacias@mail.com 
        
10:20:55 PM: DEBUG [Persona_dao.py:48] Personas insertadas: 1
10:20:55 PM: DEBUG [Conexion.py:36] Se abrió correctamente el cursor: <cursor object at 0x000001B329511380; closed: 0>
10:20:55 PM: DEBUG [Persona_dao.py:53] 
        Id Persona: 1, Nombre: Jaime Alfonso,
        Apellido: Aristizábal, Email: jaaristizabal@mail.com 
        
10:20:55 PM: DEBUG [Persona_dao.py:53] 
        Id Persona: 2, Nombre: Elisabeth,
        Apellido: Jaramillo, Email: ejaramillo@mail.com 
        
10:20:55 PM: DEBUG [Persona_dao.py:53] 
        Id Persona: 8, Nombre: Jose Mateo,
        Apellido: Aristizábal, Email: jmaristizabal@mail.com 
        
10:20:55 PM: DEBUG [Persona_dao.py:53] 
        Id Persona: 11, Nombre: Pedro Felipe,
        Apellido: Aristizábal, Email: pfaristizabal@mail.com 
        
10:20:55 PM: DEBUG [Persona_dao.py:53] 
        Id Persona: 13, Nombre: Santiago,
        Apellido: Buitrago, Email: sbuitrago@qmail.com 
        
10:20:55 PM: DEBUG [Persona_dao.py:53] 
        Id Persona: 14, Nombre: Olga Carmenza,
        Apellido: Ramírez, Email: ocramirez@qmail.com 
        
10:20:55 PM: DEBUG [Persona_dao.py:53] 
        Id Persona: 15, Nombre: David Ricardo,
        Apellido: Aristizábal, Email: draristizabal@mail.com 
        
10:20:55 PM: DEBUG [Persona_dao.py:53] 
        Id Persona: 19, Nombre: Tatiana Lucia,
        Apellido: Macias, Email: tlmacias@mail.com 
        
10:20:55 PM: DEBUG [Persona_dao.py:53] 
        Id Persona: 20, Nombre: Tatiana Lucia,
        Apellido: Macias, Email: tlmacias@mail.com 
        
10:20:55 PM: DEBUG [Persona_dao.py:41] Persona actualizada exitosamente: 
        Id Persona: 2, Nombre: Gloria Liliana,
        Apellido: Ramirez, Email: glramirez@mail.com 
        
10:20:55 PM: DEBUG [Persona_dao.py:58] Personas actualizadas: 1
10:30:58 PM: DEBUG [Conexion.py:23] Conexion exitosa. <connection object at 0x0000028A11FA2790; dsn: 'user=postgres password=xxx dbname=test_db host=127.0.0.1 port=5432', closed: 0>
10:30:58 PM: DEBUG [Persona_dao.py:33] Persona insertada exitosamente: 
        Id Persona: None, Nombre: Tatiana Lucia,
        Apellido: Macias, Email: tlmacias@mail.com 
        
10:30:58 PM: DEBUG [Persona_dao.py:57] Personas insertadas: 1
10:30:58 PM: DEBUG [Conexion.py:36] Se abrió correctamente el cursor: <cursor object at 0x0000028A141012A0; closed: 0>
10:30:58 PM: DEBUG [Persona_dao.py:62] 
        Id Persona: 1, Nombre: Jaime Alfonso,
        Apellido: Aristizábal, Email: jaaristizabal@mail.com 
        
10:30:58 PM: DEBUG [Persona_dao.py:62] 
        Id Persona: 2, Nombre: Gloria Liliana,
        Apellido: Ramirez, Email: glramirez@mail.com 
        
10:30:58 PM: DEBUG [Persona_dao.py:62] 
        Id Persona: 8, Nombre: Jose Mateo,
        Apellido: Aristizábal, Email: jmaristizabal@mail.com 
        
10:30:58 PM: DEBUG [Persona_dao.py:62] 
        Id Persona: 11, Nombre: Pedro Felipe,
        Apellido: Aristizábal, Email: pfaristizabal@mail.com 
        
10:30:58 PM: DEBUG [Persona_dao.py:62] 
        Id Persona: 13, Nombre: Santiago,
        Apellido: Buitrago, Email: sbuitrago@qmail.com 
        
10:30:58 PM: DEBUG [Persona_dao.py:62] 
        Id Persona: 14, Nombre: Olga Carmenza,
        Apellido: Ramírez, Email: ocramirez@qmail.com 
        
10:30:58 PM: DEBUG [Persona_dao.py:62] 
        Id Persona: 15, Nombre: David Ricardo,
        Apellido: Aristizábal, Email: draristizabal@mail.com 
        
10:30:58 PM: DEBUG [Persona_dao.py:62] 
        Id Persona: 20, Nombre: Tatiana Lucia,
        Apellido: Macias, Email: tlmacias@mail.com 
        
10:30:58 PM: DEBUG [Persona_dao.py:62] 
        Id Persona: 21, Nombre: Tatiana Lucia,
        Apellido: Macias, Email: tlmacias@mail.com 
        
10:30:58 PM: DEBUG [Persona_dao.py:42] Persona actualizada exitosamente: 
        Id Persona: 2, Nombre: Gloria Liliana,
        Apellido: Ramirez, Email: glramirez@mail.com 
        
10:30:58 PM: DEBUG [Persona_dao.py:67] Personas actualizadas: 1
10:31:52 PM: DEBUG [Conexion.py:23] Conexion exitosa. <connection object at 0x0000022E74582790; dsn: 'user=postgres password=xxx dbname=test_db host=127.0.0.1 port=5432', closed: 0>
10:31:52 PM: DEBUG [Persona_dao.py:33] Persona insertada exitosamente: 
        Id Persona: None, Nombre: Tatiana Lucia,
        Apellido: Macias, Email: tlmacias@mail.com 
        
10:31:52 PM: DEBUG [Persona_dao.py:57] Personas insertadas: 1
10:31:52 PM: DEBUG [Conexion.py:36] Se abrió correctamente el cursor: <cursor object at 0x0000022E766D12A0; closed: 0>
10:31:52 PM: DEBUG [Persona_dao.py:62] 
        Id Persona: 1, Nombre: Jaime Alfonso,
        Apellido: Aristizábal, Email: jaaristizabal@mail.com 
        
10:31:52 PM: DEBUG [Persona_dao.py:62] 
        Id Persona: 2, Nombre: Gloria Liliana,
        Apellido: Ramirez, Email: glramirez@mail.com 
        
10:31:52 PM: DEBUG [Persona_dao.py:62] 
        Id Persona: 8, Nombre: Jose Mateo,
        Apellido: Aristizábal, Email: jmaristizabal@mail.com 
        
10:31:52 PM: DEBUG [Persona_dao.py:62] 
        Id Persona: 11, Nombre: Pedro Felipe,
        Apellido: Aristizábal, Email: pfaristizabal@mail.com 
        
10:31:52 PM: DEBUG [Persona_dao.py:62] 
        Id Persona: 13, Nombre: Santiago,
        Apellido: Buitrago, Email: sbuitrago@qmail.com 
        
10:31:52 PM: DEBUG [Persona_dao.py:62] 
        Id Persona: 14, Nombre: Olga Carmenza,
        Apellido: Ramírez, Email: ocramirez@qmail.com 
        
10:31:52 PM: DEBUG [Persona_dao.py:62] 
        Id Persona: 15, Nombre: David Ricardo,
        Apellido: Aristizábal, Email: draristizabal@mail.com 
        
10:31:52 PM: DEBUG [Persona_dao.py:62] 
        Id Persona: 20, Nombre: Tatiana Lucia,
        Apellido: Macias, Email: tlmacias@mail.com 
        
10:31:52 PM: DEBUG [Persona_dao.py:62] 
        Id Persona: 21, Nombre: Tatiana Lucia,
        Apellido: Macias, Email: tlmacias@mail.com 
        
10:31:52 PM: DEBUG [Persona_dao.py:62] 
        Id Persona: 22, Nombre: Tatiana Lucia,
        Apellido: Macias, Email: tlmacias@mail.com 
        
10:31:52 PM: DEBUG [Persona_dao.py:42] Persona actualizada exitosamente: 
        Id Persona: 2, Nombre: Gloria Liliana,
        Apellido: Ramirez, Email: glramirez@mail.com 
        
10:31:52 PM: DEBUG [Persona_dao.py:67] Personas actualizadas: 1
10:32:27 PM: DEBUG [Conexion.py:23] Conexion exitosa. <connection object at 0x000001EC6B532790; dsn: 'user=postgres password=xxx dbname=test_db host=127.0.0.1 port=5432', closed: 0>
10:32:27 PM: DEBUG [Persona_dao.py:33] Persona insertada exitosamente: 
        Id Persona: None, Nombre: Tatiana Lucia,
        Apellido: Macias, Email: tlmacias@mail.com 
        
10:32:27 PM: DEBUG [Persona_dao.py:57] Personas insertadas: 1
10:32:27 PM: DEBUG [Conexion.py:36] Se abrió correctamente el cursor: <cursor object at 0x000001EC6D6812A0; closed: 0>
10:32:27 PM: DEBUG [Persona_dao.py:62] 
        Id Persona: 1, Nombre: Jaime Alfonso,
        Apellido: Aristizábal, Email: jaaristizabal@mail.com 
        
10:32:27 PM: DEBUG [Persona_dao.py:62] 
        Id Persona: 2, Nombre: Gloria Liliana,
        Apellido: Ramirez, Email: glramirez@mail.com 
        
10:32:27 PM: DEBUG [Persona_dao.py:62] 
        Id Persona: 8, Nombre: Jose Mateo,
        Apellido: Aristizábal, Email: jmaristizabal@mail.com 
        
10:32:27 PM: DEBUG [Persona_dao.py:62] 
        Id Persona: 11, Nombre: Pedro Felipe,
        Apellido: Aristizábal, Email: pfaristizabal@mail.com 
        
10:32:27 PM: DEBUG [Persona_dao.py:62] 
        Id Persona: 13, Nombre: Santiago,
        Apellido: Buitrago, Email: sbuitrago@qmail.com 
        
10:32:27 PM: DEBUG [Persona_dao.py:62] 
        Id Persona: 14, Nombre: Olga Carmenza,
        Apellido: Ramírez, Email: ocramirez@qmail.com 
        
10:32:27 PM: DEBUG [Persona_dao.py:62] 
        Id Persona: 15, Nombre: David Ricardo,
        Apellido: Aristizábal, Email: draristizabal@mail.com 
        
10:32:27 PM: DEBUG [Persona_dao.py:62] 
        Id Persona: 20, Nombre: Tatiana Lucia,
        Apellido: Macias, Email: tlmacias@mail.com 
        
10:32:27 PM: DEBUG [Persona_dao.py:62] 
        Id Persona: 21, Nombre: Tatiana Lucia,
        Apellido: Macias, Email: tlmacias@mail.com 
        
10:32:27 PM: DEBUG [Persona_dao.py:62] 
        Id Persona: 22, Nombre: Tatiana Lucia,
        Apellido: Macias, Email: tlmacias@mail.com 
        
10:32:27 PM: DEBUG [Persona_dao.py:62] 
        Id Persona: 23, Nombre: Tatiana Lucia,
        Apellido: Macias, Email: tlmacias@mail.com 
        
10:32:27 PM: DEBUG [Persona_dao.py:42] Persona actualizada exitosamente: 
        Id Persona: 2, Nombre: Gloria Liliana,
        Apellido: Ramirez, Email: glramirez@mail.com 
        
10:32:27 PM: DEBUG [Persona_dao.py:67] Personas actualizadas: 1
10:32:55 PM: DEBUG [Conexion.py:23] Conexion exitosa. <connection object at 0x000002A457BC2790; dsn: 'user=postgres password=xxx dbname=test_db host=127.0.0.1 port=5432', closed: 0>
10:32:55 PM: DEBUG [Persona_dao.py:33] Persona insertada exitosamente: 
        Id Persona: None, Nombre: Tatiana Lucia,
        Apellido: Macias, Email: tlmacias@mail.com 
        
10:32:55 PM: DEBUG [Persona_dao.py:57] Personas insertadas: 1
10:32:55 PM: DEBUG [Conexion.py:36] Se abrió correctamente el cursor: <cursor object at 0x000002A459D112A0; closed: 0>
10:32:55 PM: DEBUG [Persona_dao.py:62] 
        Id Persona: 1, Nombre: Jaime Alfonso,
        Apellido: Aristizábal, Email: jaaristizabal@mail.com 
        
10:32:55 PM: DEBUG [Persona_dao.py:62] 
        Id Persona: 2, Nombre: Gloria Liliana,
        Apellido: Ramirez, Email: glramirez@mail.com 
        
10:32:55 PM: DEBUG [Persona_dao.py:62] 
        Id Persona: 8, Nombre: Jose Mateo,
        Apellido: Aristizábal, Email: jmaristizabal@mail.com 
        
10:32:55 PM: DEBUG [Persona_dao.py:62] 
        Id Persona: 11, Nombre: Pedro Felipe,
        Apellido: Aristizábal, Email: pfaristizabal@mail.com 
        
10:32:55 PM: DEBUG [Persona_dao.py:62] 
        Id Persona: 13, Nombre: Santiago,
        Apellido: Buitrago, Email: sbuitrago@qmail.com 
        
10:32:55 PM: DEBUG [Persona_dao.py:62] 
        Id Persona: 14, Nombre: Olga Carmenza,
        Apellido: Ramírez, Email: ocramirez@qmail.com 
        
10:32:55 PM: DEBUG [Persona_dao.py:62] 
        Id Persona: 15, Nombre: David Ricardo,
        Apellido: Aristizábal, Email: draristizabal@mail.com 
        
10:32:55 PM: DEBUG [Persona_dao.py:62] 
        Id Persona: 20, Nombre: Tatiana Lucia,
        Apellido: Macias, Email: tlmacias@mail.com 
        
10:32:55 PM: DEBUG [Persona_dao.py:62] 
        Id Persona: 21, Nombre: Tatiana Lucia,
        Apellido: Macias, Email: tlmacias@mail.com 
        
10:32:55 PM: DEBUG [Persona_dao.py:62] 
        Id Persona: 22, Nombre: Tatiana Lucia,
        Apellido: Macias, Email: tlmacias@mail.com 
        
10:32:55 PM: DEBUG [Persona_dao.py:62] 
        Id Persona: 23, Nombre: Tatiana Lucia,
        Apellido: Macias, Email: tlmacias@mail.com 
        
10:32:55 PM: DEBUG [Persona_dao.py:62] 
        Id Persona: 24, Nombre: Tatiana Lucia,
        Apellido: Macias, Email: tlmacias@mail.com 
        
10:32:55 PM: DEBUG [Persona_dao.py:42] Persona actualizada exitosamente: 
        Id Persona: 2, Nombre: Gloria Liliana,
        Apellido: Ramirez, Email: glramirez@mail.com 
        
10:32:55 PM: DEBUG [Persona_dao.py:67] Personas actualizadas: 1
10:32:55 PM: DEBUG [Persona_dao.py:50] El objeto con Id: 15 fue eliminado exitosamente.
10:32:55 PM: DEBUG [Persona_dao.py:71] ID de las personas eliminadas: 1
10:39:49 PM: DEBUG [Conexion.py:23] Conexion exitosa. <connection object at 0x0000024145892790; dsn: 'user=postgres password=xxx dbname=test_db host=127.0.0.1 port=5432', closed: 0>
10:39:49 PM: DEBUG [Persona_dao.py:33] Persona insertada exitosamente: 
        Id Persona: None, Nombre: Tatiana Lucia,
        Apellido: Macias, Email: tlmacias@mail.com 
        
10:39:49 PM: DEBUG [Persona_dao.py:58] Personas insertadas: 1
10:39:49 PM: DEBUG [Conexion.py:36] Se abrió correctamente el cursor: <cursor object at 0x00000241479E1380; closed: 0>
10:39:49 PM: DEBUG [Persona_dao.py:63] 
        Id Persona: 1, Nombre: Jaime Alfonso,
        Apellido: Aristizábal, Email: jaaristizabal@mail.com 
        
10:39:49 PM: DEBUG [Persona_dao.py:63] 
        Id Persona: 2, Nombre: Gloria Liliana,
        Apellido: Ramirez, Email: glramirez@mail.com 
        
10:39:49 PM: DEBUG [Persona_dao.py:63] 
        Id Persona: 8, Nombre: Jose Mateo,
        Apellido: Aristizábal, Email: jmaristizabal@mail.com 
        
10:39:49 PM: DEBUG [Persona_dao.py:63] 
        Id Persona: 11, Nombre: Pedro Felipe,
        Apellido: Aristizábal, Email: pfaristizabal@mail.com 
        
10:39:49 PM: DEBUG [Persona_dao.py:63] 
        Id Persona: 13, Nombre: Santiago,
        Apellido: Buitrago, Email: sbuitrago@qmail.com 
        
10:39:49 PM: DEBUG [Persona_dao.py:63] 
        Id Persona: 14, Nombre: Olga Carmenza,
        Apellido: Ramírez, Email: ocramirez@qmail.com 
        
10:39:49 PM: DEBUG [Persona_dao.py:63] 
        Id Persona: 24, Nombre: Tatiana Lucia,
        Apellido: Macias, Email: tlmacias@mail.com 
        
10:39:49 PM: DEBUG [Persona_dao.py:63] 
        Id Persona: 25, Nombre: Tatiana Lucia,
        Apellido: Macias, Email: tlmacias@mail.com 
        
10:39:49 PM: DEBUG [Persona_dao.py:42] Persona actualizada exitosamente: 
        Id Persona: 2, Nombre: Gloria Liliana,
        Apellido: Ramirez, Email: glramirez@mail.com 
        
10:39:49 PM: DEBUG [Persona_dao.py:68] Personas actualizadas: 1
10:39:49 PM: DEBUG [Persona_dao.py:51] El objeto con Id: 24 fue eliminado exitosamente.
10:39:49 PM: DEBUG [Persona_dao.py:73] ID de las personas eliminadas: 1
05:53:01 PM: DEBUG [Conexion.py:25] Creación del pool exitosa: <psycopg2.pool.SimpleConnectionPool object at 0x000001808083ADA0>
05:53:01 PM: DEBUG [Conexion.py:34] Conexion obtenida del pool: <connection object at 0x00000180823A88C0; dsn: 'user=postgres password=xxx dbname=test_db host=127.0.0.1 port=5432', closed: 0>
05:54:08 PM: DEBUG [Conexion.py:25] Creación del pool exitosa: <psycopg2.pool.SimpleConnectionPool object at 0x0000021A401BADA0>
05:54:08 PM: DEBUG [Conexion.py:34] Conexion obtenida del pool: <connection object at 0x0000021A41D288C0; dsn: 'user=postgres password=xxx dbname=test_db host=127.0.0.1 port=5432', closed: 0>
05:57:56 PM: DEBUG [Conexion.py:25] Creación del pool exitosa: <psycopg2.pool.SimpleConnectionPool object at 0x00000234F7BE4BB0>
05:57:56 PM: DEBUG [Conexion.py:34] Conexion obtenida del pool: <connection object at 0x00000234F8D4D360; dsn: 'user=postgres password=xxx dbname=test_db host=127.0.0.1 port=5432', closed: 0>
05:58:57 PM: DEBUG [Conexion.py:25] Creación del pool exitosa: <psycopg2.pool.SimpleConnectionPool object at 0x000001A579CD4BB0>
05:58:57 PM: DEBUG [Conexion.py:34] Conexion obtenida del pool: <connection object at 0x000001A57AE3D360; dsn: 'user=postgres password=xxx dbname=test_db host=127.0.0.1 port=5432', closed: 0>
06:01:58 PM: DEBUG [Conexion.py:25] Creación del pool exitosa: <psycopg2.pool.SimpleConnectionPool object at 0x00000223413E2EC0>
06:01:58 PM: DEBUG [Conexion.py:34] Conexion obtenida del pool: <connection object at 0x000002234119E350; dsn: 'user=postgres password=xxx dbname=test_db host=127.0.0.1 port=5432', closed: 0>
06:05:34 PM: DEBUG [Conexion.py:25] Creación del pool exitosa: <psycopg2.pool.SimpleConnectionPool object at 0x00000246443C2EC0>
06:05:34 PM: DEBUG [Conexion.py:34] Conexion obtenida del pool: <connection object at 0x000002464417E350; dsn: 'user=postgres password=xxx dbname=test_db host=127.0.0.1 port=5432', closed: 0>
06:12:06 PM: DEBUG [Conexion.py:25] Creación del pool exitosa: <psycopg2.pool.SimpleConnectionPool object at 0x000002CD479BADA0>
06:12:06 PM: DEBUG [Conexion.py:37] Conexion obtenida del pool: <connection object at 0x000002CD495288C0; dsn: 'user=postgres password=xxx dbname=test_db host=127.0.0.1 port=5432', closed: 0>
06:12:06 PM: DEBUG [Conexion.py:37] Conexion obtenida del pool: <connection object at 0x000002CD49528260; dsn: 'user=postgres password=xxx dbname=test_db host=127.0.0.1 port=5432', closed: 0>
06:14:31 PM: DEBUG [Conexion.py:25] Creación del pool exitosa: <psycopg2.pool.SimpleConnectionPool object at 0x0000016D8C4CADD0>
06:14:31 PM: DEBUG [Conexion.py:37] Conexion obtenida del pool: <connection object at 0x0000016D8E0488C0; dsn: 'user=postgres password=xxx dbname=test_db host=127.0.0.1 port=5432', closed: 0>
06:14:31 PM: DEBUG [Conexion.py:37] Conexion obtenida del pool: <connection object at 0x0000016D8E048260; dsn: 'user=postgres password=xxx dbname=test_db host=127.0.0.1 port=5432', closed: 0>
06:14:31 PM: DEBUG [Conexion.py:37] Conexion obtenida del pool: <connection object at 0x0000016D8E048040; dsn: 'user=postgres password=xxx dbname=test_db host=127.0.0.1 port=5432', closed: 0>
06:14:31 PM: DEBUG [Conexion.py:37] Conexion obtenida del pool: <connection object at 0x0000016D8E048BF0; dsn: 'user=postgres password=xxx dbname=test_db host=127.0.0.1 port=5432', closed: 0>
06:14:31 PM: DEBUG [Conexion.py:37] Conexion obtenida del pool: <connection object at 0x0000016D8E048AE0; dsn: 'user=postgres password=xxx dbname=test_db host=127.0.0.1 port=5432', closed: 0>
11:38:34 PM: DEBUG [Conexion.py:25] Creación del pool exitosa: <psycopg2.pool.SimpleConnectionPool object at 0x000001E7CCC51AE0>
11:38:34 PM: DEBUG [Conexion.py:37] Conexion obtenida del pool: <connection object at 0x000001E7CCC688C0; dsn: 'user=postgres password=xxx dbname=test_db host=127.0.0.1 port=5432', closed: 0>
11:38:34 PM: DEBUG [Conexion.py:43] Regresamos la conexion al pool: <connection object at 0x000001E7CCC688C0; dsn: 'user=postgres password=xxx dbname=test_db host=127.0.0.1 port=5432', closed: 0>
11:38:34 PM: DEBUG [Conexion.py:37] Conexion obtenida del pool: <connection object at 0x000001E7CCC688C0; dsn: 'user=postgres password=xxx dbname=test_db host=127.0.0.1 port=5432', closed: 0>
12:03:48 AM: DEBUG [CursorDelPool.py:11] Inicio del metodo with __enter__
12:03:48 AM: DEBUG [Conexion.py:25] Creación del pool exitosa: <psycopg2.pool.SimpleConnectionPool object at 0x0000017C840DBEE0>
12:03:48 AM: DEBUG [Conexion.py:37] Conexion obtenida del pool: <connection object at 0x0000017C85C488C0; dsn: 'user=postgres password=xxx dbname=test_db host=127.0.0.1 port=5432', closed: 0>
12:03:48 AM: DEBUG [CursorDelPool.py:29] Dentro del bloque with.
12:03:48 AM: DEBUG [CursorDelPool.py:31] [(8, 'Jose Mateo', 'Aristizábal', 'jmaristizabal@mail.com'), (13, 'Santiago', 'Buitrago', 'sbuitrago@qmail.com'), (11, 'Pedro Felipe', 'Aristizábal', 'pfaristizabal@mail.com'), (14, 'Olga Carmenza', 'Ramírez', 'ocramirez@qmail.com'), (1, 'Jaime Alfonso', 'Aristizábal', 'jaaristizabal@mail.com'), (25, 'Tatiana Lucia', 'Macias', 'tlmacias@mail.com'), (2, 'Gloria Liliana', 'Ramirez', 'glramirez@mail.com')]
12:03:48 AM: DEBUG [CursorDelPool.py:17] Se ejecuta metodo __exit__
12:03:48 AM: DEBUG [CursorDelPool.py:23] Commit de la transación
12:03:48 AM: DEBUG [Conexion.py:43] Regresamos la conexion al pool: <connection object at 0x0000017C85C488C0; dsn: 'user=postgres password=xxx dbname=test_db host=127.0.0.1 port=5432', closed: 0>
12:14:36 AM: DEBUG [CursorDelPool.py:11] Inicio del metodo with __enter__
12:14:36 AM: DEBUG [Conexion.py:25] Creación del pool exitosa: <psycopg2.pool.SimpleConnectionPool object at 0x00000216FF4E3F10>
12:14:36 AM: DEBUG [Conexion.py:37] Conexion obtenida del pool: <connection object at 0x00000216FF4B88C0; dsn: 'user=postgres password=xxx dbname=test_db host=127.0.0.1 port=5432', closed: 0>
12:14:36 AM: DEBUG [CursorDelPool.py:17] Se ejecuta metodo __exit__
12:14:36 AM: DEBUG [CursorDelPool.py:23] Commit de la transación
12:14:36 AM: DEBUG [Conexion.py:43] Regresamos la conexion al pool: <connection object at 0x00000216FF4B88C0; dsn: 'user=postgres password=xxx dbname=test_db host=127.0.0.1 port=5432', closed: 0>
12:14:36 AM: DEBUG [PersonaDAO.py:61] 
        Id Persona: 1, Nombre: Jaime Alfonso,
        Apellido: Aristizábal, Email: jaaristizabal@mail.com 
        
12:14:36 AM: DEBUG [PersonaDAO.py:61] 
        Id Persona: 2, Nombre: Gloria Liliana,
        Apellido: Ramirez, Email: glramirez@mail.com 
        
12:14:36 AM: DEBUG [PersonaDAO.py:61] 
        Id Persona: 8, Nombre: Jose Mateo,
        Apellido: Aristizábal, Email: jmaristizabal@mail.com 
        
12:14:36 AM: DEBUG [PersonaDAO.py:61] 
        Id Persona: 11, Nombre: Pedro Felipe,
        Apellido: Aristizábal, Email: pfaristizabal@mail.com 
        
12:14:36 AM: DEBUG [PersonaDAO.py:61] 
        Id Persona: 13, Nombre: Santiago,
        Apellido: Buitrago, Email: sbuitrago@qmail.com 
        
12:14:36 AM: DEBUG [PersonaDAO.py:61] 
        Id Persona: 14, Nombre: Olga Carmenza,
        Apellido: Ramírez, Email: ocramirez@qmail.com 
        
12:14:36 AM: DEBUG [PersonaDAO.py:61] 
        Id Persona: 25, Nombre: Tatiana Lucia,
        Apellido: Macias, Email: tlmacias@mail.com 
        
12:22:17 AM: DEBUG [CursorDelPool.py:11] Inicio del metodo with __enter__
12:22:17 AM: DEBUG [Conexion.py:25] Creación del pool exitosa: <psycopg2.pool.SimpleConnectionPool object at 0x000001959D1C1A80>
12:22:17 AM: DEBUG [Conexion.py:37] Conexion obtenida del pool: <connection object at 0x000001959D1988C0; dsn: 'user=postgres password=xxx dbname=test_db host=127.0.0.1 port=5432', closed: 0>
12:22:17 AM: DEBUG [PersonaDAO.py:33] Persona insertada exitosamente: 
        Id Persona: None, Nombre: Hector Jaime,
        Apellido: Ramirez, Email: hjramirez@mail.com 
        
12:22:17 AM: DEBUG [CursorDelPool.py:17] Se ejecuta metodo __exit__
12:22:17 AM: DEBUG [CursorDelPool.py:23] Commit de la transación
12:22:17 AM: DEBUG [Conexion.py:43] Regresamos la conexion al pool: <connection object at 0x000001959D1988C0; dsn: 'user=postgres password=xxx dbname=test_db host=127.0.0.1 port=5432', closed: 0>
12:22:17 AM: DEBUG [PersonaDAO.py:56] Personas insertadas: 1
